
--- Date 22/09/2018 12:25:04 ---
--- Lancement d'un scan ---
--- Test de connection ---
Tentative 0
Online
proceed with programm
Fin du code

--- Date 22/09/2018 12:30:05 ---
--- Lancement d'un scan ---
--- Test de connection ---
Tentative 0
Online
proceed with programm
Fin du code

--- Date 22/09/2018 12:39:04 ---
--- Lancement d'un scan ---
--- Test de connection ---
Tentative 0
Online
proceed with programm
Fin du code

--- Date 22/09/2018 12:42:04 ---
--- Lancement d'un scan ---
--- Test de connection ---
Tentative 0
Online
proceed with programm
Initialisation du script
Lancement du scan
Début du scan
Temps du scan en milisecondes : 10000
terminé
Fin du code

--- Date 22/09/2018 12:45:04 ---
--- Lancement d'un scan ---
--- Test de connection ---
Tentative 0
Online
proceed with programm
Initialisation du script
Lancement du scan
Début du scan
Temps du scan en milisecondes : 10000
terminé
Fin du code

--- Date 22/09/2018 12:48:05 ---
--- Lancement d'un scan ---
--- Test de connection ---
Tentative 0
Online
proceed with programm
Initialisation du script
Lancement du scan
Début du scan
Temps du scan en milisecondes : 10000
Scan terminé, envoie des informations sur le brooker MQTT
11 elements scanes
Delete contenu du camion
terminé
Fin du code

--- Date 22/09/2018 12:51:04 ---
--- Lancement d'un scan ---
--- Test de connection ---
Tentative 0
Online
proceed with programm
Initialisation du script
Lancement du scan
Début du scan
Temps du scan en milisecondes : 10000
Scan terminé, envoie des informations sur le brooker MQTT
11 elements scanes
Delete contenu du camion
terminé
Fin du code

--- Date 22/09/2018 12:54:41 ---
--- Lancement d'un scan ---
--- Test de connection ---
Tentative 0
Online
proceed with programm
Initialisation du script
Lancement du scan
Début du scan
Temps du scan en milisecondes : 10000
Scan terminé, envoie des informations sur le brooker MQTT
1 elements scanes
Delete contenu du camion
terminé
Fin du code

--- Date 22/09/2018 12:57:04 ---
--- Lancement d'un scan ---
--- Test de connection ---
Tentative 0
Online
proceed with programm
Initialisation du script
Lancement du scan
Début du scan
Temps du scan en milisecondes : 10000
Scan terminé, envoie des informations sur le brooker MQTT
terminé
Fin du code
